<?xml version="1.0" encoding="UTF-8" ?>
<testsuite tests="1" failures="0" name="TheLedgerCo.AppTest" time="0.002" errors="0" skipped="0">
  <properties>
    <property name="jansi.mode" value="force"/>
    <property name="java.runtime.name" value="OpenJDK Runtime Environment"/>
    <property name="java.vm.version" value="17.0.2+8"/>
    <property name="sun.boot.library.path" value="C:\Users\rasha\OneDrive\Desktop\Rashad\Spring Tool Suite\plugins\org.eclipse.justj.openjdk.hotspot.jre.full.win32.x86_64_17.0.2.v20220201-1208\jre\bin"/>
    <property name="maven.multiModuleProjectDirectory" value="C:\Users\rasha\OneDrive\Desktop\Rashad\SpringBoot Workspace\The_Ledger_Co"/>
    <property name="java.vm.vendor" value="Eclipse Adoptium"/>
    <property name="java.vendor.url" value="https://adoptium.net/"/>
    <property name="guice.disable.misplaced.annotation.check" value="true"/>
    <property name="path.separator" value=";"/>
    <property name="java.vm.name" value="OpenJDK 64-Bit Server VM"/>
    <property name="sun.os.patch.level" value=""/>
    <property name="user.script" value=""/>
    <property name="user.country" value="IN"/>
    <property name="sun.java.launcher" value="SUN_STANDARD"/>
    <property name="java.vm.specification.name" value="Java Virtual Machine Specification"/>
    <property name="user.dir" value="C:\Users\rasha\OneDrive\Desktop\Rashad\SpringBoot Workspace\The_Ledger_Co"/>
    <property name="java.vm.compressedOopsMode" value="32-bit"/>
    <property name="java.runtime.version" value="17.0.2+8"/>
    <property name="os.arch" value="amd64"/>
    <property name="java.io.tmpdir" value="C:\Users\rasha\AppData\Local\Temp\"/>
    <property name="line.separator" value="
"/>
    <property name="java.vm.specification.vendor" value="Oracle Corporation"/>
    <property name="user.variant" value=""/>
    <property name="os.name" value="Windows 11"/>
    <property name="classworlds.conf" value="C:\Users\rasha\OneDrive\Desktop\Rashad\SpringBoot Workspace\.metadata\.plugins\org.eclipse.m2e.launching\launches\m2conf8974157583962276038.tmp"/>
    <property name="jansi.force" value="true"/>
    <property name="sun.jnu.encoding" value="Cp1252"/>
    <property name="java.library.path" value="C:\Users\rasha\OneDrive\Desktop\Rashad\Spring Tool Suite\plugins\org.eclipse.justj.openjdk.hotspot.jre.full.win32.x86_64_17.0.2.v20220201-1208\jre\bin;C:\WINDOWS\Sun\Java\bin;C:\WINDOWS\system32;C:\WINDOWS;C:/Users/rasha/OneDrive/Desktop/Rashad/Spring Tool Suite//plugins/org.eclipse.justj.openjdk.hotspot.jre.full.win32.x86_64_17.0.2.v20220201-1208/jre/bin/server;C:/Users/rasha/OneDrive/Desktop/Rashad/Spring Tool Suite//plugins/org.eclipse.justj.openjdk.hotspot.jre.full.win32.x86_64_17.0.2.v20220201-1208/jre/bin;C:\Program Files\Common Files\Oracle\Java\javapath;C:\Program Files (x86)\Common Files\Oracle\Java\javapath;C:\windows\system32;C:\windows;C:\windows\System32\Wbem;C:\windows\System32\WindowsPowerShell\v1.0\;C:\windows\System32\OpenSSH\;C:\Program Files (x86)\NVIDIA Corporation\PhysX\Common;C:\Program Files\NVIDIA Corporation\NVIDIA NvDLISR;C:\WINDOWS\system32;C:\WINDOWS;C:\WINDOWS\System32\Wbem;C:\WINDOWS\System32\WindowsPowerShell\v1.0\;C:\WINDOWS\System32\OpenSSH\;C:\Program Files\Git\cmd;C:\Program Files\nodejs\;C:\Program Files\MySQL\MySQL Shell 8.0\bin\;C:\Users\rasha\AppData\Local\Programs\Python\Python310\Scripts\;C:\Users\rasha\AppData\Local\Programs\Python\Python310\;C:\Users\rasha\AppData\Local\Microsoft\WindowsApps;C:\Users\rasha\AppData\Local\Programs\Microsoft VS Code\bin;C:\i686-8.1.0-release-win32-dwarf-rt_v6-rev0\mingw32\bin;C:\Users\rasha\AppData\Roaming\npm;C:\Users\rasha\OneDrive\Desktop\Rashad\Spring Tool Suite;;."/>
    <property name="jansi.passthrough" value="true"/>
    <property name="jdk.debug" value="release"/>
    <property name="java.class.version" value="61.0"/>
    <property name="java.specification.name" value="Java Platform API Specification"/>
    <property name="sun.management.compiler" value="HotSpot 64-Bit Tiered Compilers"/>
    <property name="os.version" value="10.0"/>
    <property name="user.home" value="C:\Users\rasha"/>
    <property name="user.timezone" value="Asia/Calcutta"/>
    <property name="file.encoding" value="Cp1252"/>
    <property name="java.specification.version" value="17"/>
    <property name="user.name" value="rasha"/>
    <property name="java.class.path" value="C:\Users\rasha\OneDrive\Desktop\Rashad\Spring Tool Suite\plugins\org.eclipse.m2e.maven.runtime_1.18.3.20220227-1319\jars\plexus-classworlds-2.6.0.jar"/>
    <property name="java.vm.specification.version" value="17"/>
    <property name="sun.arch.data.model" value="64"/>
    <property name="sun.java.command" value="org.codehaus.plexus.classworlds.launcher.Launcher -B install -Dstyle.color=always"/>
    <property name="java.home" value="C:\Users\rasha\OneDrive\Desktop\Rashad\Spring Tool Suite\plugins\org.eclipse.justj.openjdk.hotspot.jre.full.win32.x86_64_17.0.2.v20220201-1208\jre"/>
    <property name="user.language" value="en"/>
    <property name="java.specification.vendor" value="Oracle Corporation"/>
    <property name="java.vm.info" value="mixed mode"/>
    <property name="java.version" value="17.0.2"/>
    <property name="native.encoding" value="Cp1252"/>
    <property name="java.vendor" value="Eclipse Adoptium"/>
    <property name="maven.home" value="C:\Users\rasha\OneDrive\Desktop\Rashad\SpringBoot Workspace\The_Ledger_Co\EMBEDDED"/>
    <property name="style.color" value="always"/>
    <property name="file.separator" value="\"/>
    <property name="java.version.date" value="2022-01-18"/>
    <property name="java.vendor.url.bug" value="https://github.com/adoptium/adoptium-support/issues"/>
    <property name="sun.io.unicode.encoding" value="UnicodeLittle"/>
    <property name="sun.cpu.endian" value="little"/>
    <property name="java.vendor.version" value="Temurin-17.0.2+8"/>
    <property name="sun.cpu.isalist" value="amd64"/>
  </properties>
  <testcase classname="TheLedgerCo.AppTest" name="testApp" time="0.002"/>
</testsuite>